{"/home/dungybug/Desktop/Projects/Ultra3/ultra3-engine/src/core/contracts/services/transporter/abstract-transporter.ts": {"path":"/home/dungybug/Desktop/Projects/Ultra3/ultra3-engine/src/core/contracts/services/transporter/abstract-transporter.ts","all":false,"statementMap":{"0":{"start":{"line":1,"column":0},"end":{"line":1,"column":3}},"1":{"start":{"line":2,"column":0},"end":{"line":2,"column":32}},"2":{"start":{"line":3,"column":0},"end":{"line":3,"column":145}},"3":{"start":{"line":4,"column":0},"end":{"line":4,"column":70}},"4":{"start":{"line":5,"column":0},"end":{"line":5,"column":3}},"5":{"start":{"line":6,"column":0},"end":{"line":6,"column":0}},"6":{"start":{"line":7,"column":0},"end":{"line":7,"column":63}},"7":{"start":{"line":8,"column":0},"end":{"line":8,"column":0}},"8":{"start":{"line":9,"column":0},"end":{"line":9,"column":21}},"9":{"start":{"line":10,"column":0},"end":{"line":10,"column":17}},"10":{"start":{"line":11,"column":0},"end":{"line":11,"column":25}},"11":{"start":{"line":12,"column":0},"end":{"line":12,"column":1}},"12":{"start":{"line":13,"column":0},"end":{"line":13,"column":0}},"13":{"start":{"line":14,"column":0},"end":{"line":14,"column":41}},"14":{"start":{"line":15,"column":0},"end":{"line":15,"column":56}},"15":{"start":{"line":16,"column":0},"end":{"line":16,"column":30}},"16":{"start":{"line":17,"column":0},"end":{"line":17,"column":16}},"17":{"start":{"line":18,"column":0},"end":{"line":18,"column":1}},"18":{"start":{"line":19,"column":0},"end":{"line":19,"column":0}},"19":{"start":{"line":20,"column":0},"end":{"line":20,"column":152}},"20":{"start":{"line":21,"column":0},"end":{"line":21,"column":7}},"21":{"start":{"line":22,"column":0},"end":{"line":22,"column":53}},"22":{"start":{"line":23,"column":0},"end":{"line":23,"column":33}},"23":{"start":{"line":24,"column":0},"end":{"line":24,"column":118}},"24":{"start":{"line":25,"column":0},"end":{"line":25,"column":7}},"25":{"start":{"line":26,"column":0},"end":{"line":26,"column":42}},"26":{"start":{"line":27,"column":0},"end":{"line":27,"column":24}},"27":{"start":{"line":28,"column":0},"end":{"line":28,"column":27}},"28":{"start":{"line":29,"column":0},"end":{"line":29,"column":47}},"29":{"start":{"line":30,"column":0},"end":{"line":30,"column":0}},"30":{"start":{"line":31,"column":0},"end":{"line":31,"column":47}},"31":{"start":{"line":32,"column":0},"end":{"line":32,"column":1}},"32":{"start":{"line":33,"column":0},"end":{"line":33,"column":0}},"33":{"start":{"line":34,"column":0},"end":{"line":34,"column":35}}},"s":{"0":1,"1":1,"2":1,"3":1,"4":1,"5":1,"6":1,"7":1,"8":1,"9":1,"10":1,"11":1,"12":1,"13":1,"14":1,"15":1,"16":1,"17":1,"18":1,"19":1,"20":1,"21":1,"22":1,"23":1,"24":1,"25":1,"26":1,"27":1,"28":1,"29":1,"30":1,"31":1,"32":1,"33":1},"branchMap":{},"b":{},"fnMap":{},"f":{}}
,"/home/dungybug/Desktop/Projects/Ultra3/ultra3-engine/src/core/services/event-emitter.ts": {"path":"/home/dungybug/Desktop/Projects/Ultra3/ultra3-engine/src/core/services/event-emitter.ts","all":false,"statementMap":{"0":{"start":{"line":1,"column":0},"end":{"line":1,"column":64}},"1":{"start":{"line":2,"column":0},"end":{"line":2,"column":29}},"2":{"start":{"line":3,"column":0},"end":{"line":3,"column":0}},"3":{"start":{"line":4,"column":0},"end":{"line":4,"column":19}},"4":{"start":{"line":5,"column":0},"end":{"line":5,"column":28}},"5":{"start":{"line":6,"column":0},"end":{"line":6,"column":5}},"6":{"start":{"line":7,"column":0},"end":{"line":7,"column":0}},"7":{"start":{"line":8,"column":0},"end":{"line":8,"column":72}},"8":{"start":{"line":9,"column":0},"end":{"line":9,"column":51}},"9":{"start":{"line":10,"column":0},"end":{"line":10,"column":49}},"10":{"start":{"line":11,"column":0},"end":{"line":11,"column":16}},"11":{"start":{"line":12,"column":0},"end":{"line":12,"column":47}},"12":{"start":{"line":13,"column":0},"end":{"line":13,"column":9}},"13":{"start":{"line":14,"column":0},"end":{"line":14,"column":5}},"14":{"start":{"line":15,"column":0},"end":{"line":15,"column":0}},"15":{"start":{"line":16,"column":0},"end":{"line":16,"column":66}},"16":{"start":{"line":17,"column":0},"end":{"line":17,"column":37}},"17":{"start":{"line":18,"column":0},"end":{"line":18,"column":0}},"18":{"start":{"line":19,"column":0},"end":{"line":19,"column":51}},"19":{"start":{"line":20,"column":0},"end":{"line":20,"column":65}},"20":{"start":{"line":21,"column":0},"end":{"line":21,"column":61}},"21":{"start":{"line":22,"column":0},"end":{"line":22,"column":13}},"22":{"start":{"line":23,"column":0},"end":{"line":23,"column":9}},"23":{"start":{"line":24,"column":0},"end":{"line":24,"column":0}},"24":{"start":{"line":25,"column":0},"end":{"line":25,"column":52}},"25":{"start":{"line":26,"column":0},"end":{"line":26,"column":27}},"26":{"start":{"line":27,"column":0},"end":{"line":27,"column":9}},"27":{"start":{"line":28,"column":0},"end":{"line":28,"column":0}},"28":{"start":{"line":29,"column":0},"end":{"line":29,"column":64}},"29":{"start":{"line":30,"column":0},"end":{"line":30,"column":60}},"30":{"start":{"line":31,"column":0},"end":{"line":31,"column":9}},"31":{"start":{"line":32,"column":0},"end":{"line":32,"column":0}},"32":{"start":{"line":33,"column":0},"end":{"line":33,"column":23}},"33":{"start":{"line":34,"column":0},"end":{"line":34,"column":5}},"34":{"start":{"line":35,"column":0},"end":{"line":35,"column":1}}},"s":{"0":1,"1":1,"2":1,"3":1,"4":2,"5":2,"6":1,"7":1,"8":14,"9":6,"10":14,"11":8,"12":8,"13":14,"14":1,"15":1,"16":18,"17":18,"18":18,"19":1,"20":2,"21":2,"22":1,"23":18,"24":18,"25":2,"26":2,"27":16,"28":18,"29":27,"30":27,"31":16,"32":16,"33":16,"34":1},"branchMap":{"0":{"type":"branch","line":4,"loc":{"start":{"line":4,"column":4},"end":{"line":6,"column":5}},"locations":[{"start":{"line":4,"column":4},"end":{"line":6,"column":5}}]},"1":{"type":"branch","line":8,"loc":{"start":{"line":8,"column":4},"end":{"line":14,"column":5}},"locations":[{"start":{"line":8,"column":4},"end":{"line":14,"column":5}}]},"2":{"type":"branch","line":9,"loc":{"start":{"line":9,"column":50},"end":{"line":11,"column":15}},"locations":[{"start":{"line":9,"column":50},"end":{"line":11,"column":15}}]},"3":{"type":"branch","line":11,"loc":{"start":{"line":11,"column":9},"end":{"line":13,"column":9}},"locations":[{"start":{"line":11,"column":9},"end":{"line":13,"column":9}}]},"4":{"type":"branch","line":16,"loc":{"start":{"line":16,"column":4},"end":{"line":34,"column":5}},"locations":[{"start":{"line":16,"column":4},"end":{"line":34,"column":5}}]},"5":{"type":"branch","line":19,"loc":{"start":{"line":19,"column":50},"end":{"line":23,"column":9}},"locations":[{"start":{"line":19,"column":50},"end":{"line":23,"column":9}}]},"6":{"type":"branch","line":20,"loc":{"start":{"line":20,"column":64},"end":{"line":22,"column":13}},"locations":[{"start":{"line":20,"column":64},"end":{"line":22,"column":13}}]},"7":{"type":"branch","line":25,"loc":{"start":{"line":25,"column":51},"end":{"line":27,"column":9}},"locations":[{"start":{"line":25,"column":51},"end":{"line":27,"column":9}}]},"8":{"type":"branch","line":28,"loc":{"start":{"line":28,"column":-1},"end":{"line":29,"column":63}},"locations":[{"start":{"line":28,"column":-1},"end":{"line":29,"column":63}}]},"9":{"type":"branch","line":29,"loc":{"start":{"line":29,"column":63},"end":{"line":31,"column":9}},"locations":[{"start":{"line":29,"column":63},"end":{"line":31,"column":9}}]},"10":{"type":"branch","line":32,"loc":{"start":{"line":32,"column":-1},"end":{"line":34,"column":5}},"locations":[{"start":{"line":32,"column":-1},"end":{"line":34,"column":5}}]}},"b":{"0":[2],"1":[14],"2":[6],"3":[8],"4":[18],"5":[1],"6":[2],"7":[2],"8":[16],"9":[27],"10":[16]},"fnMap":{"0":{"name":"EventEmitter","decl":{"start":{"line":4,"column":4},"end":{"line":6,"column":5}},"loc":{"start":{"line":4,"column":4},"end":{"line":6,"column":5}},"line":4},"1":{"name":"on","decl":{"start":{"line":8,"column":4},"end":{"line":14,"column":5}},"loc":{"start":{"line":8,"column":4},"end":{"line":14,"column":5}},"line":8},"2":{"name":"emit","decl":{"start":{"line":16,"column":4},"end":{"line":34,"column":5}},"loc":{"start":{"line":16,"column":4},"end":{"line":34,"column":5}},"line":16}},"f":{"0":2,"1":14,"2":18}}
,"/home/dungybug/Desktop/Projects/Ultra3/ultra3-engine/src/server/services/transporter/ws-transporter.ts": {"path":"/home/dungybug/Desktop/Projects/Ultra3/ultra3-engine/src/server/services/transporter/ws-transporter.ts","all":false,"statementMap":{"0":{"start":{"line":1,"column":0},"end":{"line":1,"column":131}},"1":{"start":{"line":2,"column":0},"end":{"line":2,"column":83}},"2":{"start":{"line":3,"column":0},"end":{"line":3,"column":86}},"3":{"start":{"line":4,"column":0},"end":{"line":4,"column":57}},"4":{"start":{"line":5,"column":0},"end":{"line":5,"column":29}},"5":{"start":{"line":6,"column":0},"end":{"line":6,"column":31}},"6":{"start":{"line":7,"column":0},"end":{"line":7,"column":77}},"7":{"start":{"line":8,"column":0},"end":{"line":8,"column":0}},"8":{"start":{"line":9,"column":0},"end":{"line":9,"column":28}},"9":{"start":{"line":10,"column":0},"end":{"line":10,"column":27}},"10":{"start":{"line":11,"column":0},"end":{"line":11,"column":30}},"11":{"start":{"line":12,"column":0},"end":{"line":12,"column":30}},"12":{"start":{"line":13,"column":0},"end":{"line":13,"column":0}},"13":{"start":{"line":14,"column":0},"end":{"line":14,"column":70}},"14":{"start":{"line":15,"column":0},"end":{"line":15,"column":32}},"15":{"start":{"line":16,"column":0},"end":{"line":16,"column":32}},"16":{"start":{"line":17,"column":0},"end":{"line":17,"column":19}},"17":{"start":{"line":18,"column":0},"end":{"line":18,"column":22}},"18":{"start":{"line":19,"column":0},"end":{"line":19,"column":22}},"19":{"start":{"line":20,"column":0},"end":{"line":20,"column":32}},"20":{"start":{"line":21,"column":0},"end":{"line":21,"column":7}},"21":{"start":{"line":22,"column":0},"end":{"line":22,"column":130}},"22":{"start":{"line":23,"column":0},"end":{"line":23,"column":0}},"23":{"start":{"line":24,"column":0},"end":{"line":24,"column":53}},"24":{"start":{"line":25,"column":0},"end":{"line":25,"column":16}},"25":{"start":{"line":26,"column":0},"end":{"line":26,"column":39}},"26":{"start":{"line":27,"column":0},"end":{"line":27,"column":26}},"27":{"start":{"line":28,"column":0},"end":{"line":28,"column":11}},"28":{"start":{"line":29,"column":0},"end":{"line":29,"column":0}},"29":{"start":{"line":30,"column":0},"end":{"line":30,"column":30}},"30":{"start":{"line":31,"column":0},"end":{"line":31,"column":32}},"31":{"start":{"line":32,"column":0},"end":{"line":32,"column":0}},"32":{"start":{"line":33,"column":0},"end":{"line":33,"column":67}},"33":{"start":{"line":34,"column":0},"end":{"line":34,"column":5}},"34":{"start":{"line":35,"column":0},"end":{"line":35,"column":0}},"35":{"start":{"line":36,"column":0},"end":{"line":36,"column":26}},"36":{"start":{"line":37,"column":0},"end":{"line":37,"column":23}},"37":{"start":{"line":38,"column":0},"end":{"line":38,"column":5}},"38":{"start":{"line":39,"column":0},"end":{"line":39,"column":0}},"39":{"start":{"line":40,"column":0},"end":{"line":40,"column":51}},"40":{"start":{"line":41,"column":0},"end":{"line":41,"column":16}},"41":{"start":{"line":42,"column":0},"end":{"line":42,"column":64}},"42":{"start":{"line":43,"column":0},"end":{"line":43,"column":48}},"43":{"start":{"line":44,"column":0},"end":{"line":44,"column":75}},"44":{"start":{"line":45,"column":0},"end":{"line":45,"column":0}},"45":{"start":{"line":46,"column":0},"end":{"line":46,"column":31}},"46":{"start":{"line":47,"column":0},"end":{"line":47,"column":26}},"47":{"start":{"line":48,"column":0},"end":{"line":48,"column":0}},"48":{"start":{"line":49,"column":0},"end":{"line":49,"column":56}},"49":{"start":{"line":50,"column":0},"end":{"line":50,"column":46}},"50":{"start":{"line":51,"column":0},"end":{"line":51,"column":13}},"51":{"start":{"line":52,"column":0},"end":{"line":52,"column":0}},"52":{"start":{"line":53,"column":0},"end":{"line":53,"column":72}},"53":{"start":{"line":54,"column":0},"end":{"line":54,"column":56}},"54":{"start":{"line":55,"column":0},"end":{"line":55,"column":52}},"55":{"start":{"line":56,"column":0},"end":{"line":56,"column":0}},"56":{"start":{"line":57,"column":0},"end":{"line":57,"column":42}},"57":{"start":{"line":58,"column":0},"end":{"line":58,"column":80}},"58":{"start":{"line":59,"column":0},"end":{"line":59,"column":13}},"59":{"start":{"line":60,"column":0},"end":{"line":60,"column":0}},"60":{"start":{"line":61,"column":0},"end":{"line":61,"column":45}},"61":{"start":{"line":62,"column":0},"end":{"line":62,"column":34}},"62":{"start":{"line":63,"column":0},"end":{"line":63,"column":65}},"63":{"start":{"line":64,"column":0},"end":{"line":64,"column":50}},"64":{"start":{"line":65,"column":0},"end":{"line":65,"column":47}},"65":{"start":{"line":66,"column":0},"end":{"line":66,"column":53}},"66":{"start":{"line":67,"column":0},"end":{"line":67,"column":31}},"67":{"start":{"line":68,"column":0},"end":{"line":68,"column":26}},"68":{"start":{"line":69,"column":0},"end":{"line":69,"column":43}},"69":{"start":{"line":70,"column":0},"end":{"line":70,"column":44}},"70":{"start":{"line":71,"column":0},"end":{"line":71,"column":147}},"71":{"start":{"line":72,"column":0},"end":{"line":72,"column":48}},"72":{"start":{"line":73,"column":0},"end":{"line":73,"column":48}},"73":{"start":{"line":74,"column":0},"end":{"line":74,"column":30}},"74":{"start":{"line":75,"column":0},"end":{"line":75,"column":26}},"75":{"start":{"line":76,"column":0},"end":{"line":76,"column":0}},"76":{"start":{"line":77,"column":0},"end":{"line":77,"column":43}},"77":{"start":{"line":78,"column":0},"end":{"line":78,"column":22}},"78":{"start":{"line":79,"column":0},"end":{"line":79,"column":18}},"79":{"start":{"line":80,"column":0},"end":{"line":80,"column":13}},"80":{"start":{"line":81,"column":0},"end":{"line":81,"column":0}},"81":{"start":{"line":82,"column":0},"end":{"line":82,"column":31}},"82":{"start":{"line":83,"column":0},"end":{"line":83,"column":32}},"83":{"start":{"line":84,"column":0},"end":{"line":84,"column":26}},"84":{"start":{"line":85,"column":0},"end":{"line":85,"column":36}},"85":{"start":{"line":86,"column":0},"end":{"line":86,"column":36}},"86":{"start":{"line":87,"column":0},"end":{"line":87,"column":18}},"87":{"start":{"line":88,"column":0},"end":{"line":88,"column":14}},"88":{"start":{"line":89,"column":0},"end":{"line":89,"column":0}},"89":{"start":{"line":90,"column":0},"end":{"line":90,"column":72}},"90":{"start":{"line":91,"column":0},"end":{"line":91,"column":16}},"91":{"start":{"line":92,"column":0},"end":{"line":92,"column":45}},"92":{"start":{"line":93,"column":0},"end":{"line":93,"column":34}},"93":{"start":{"line":94,"column":0},"end":{"line":94,"column":65}},"94":{"start":{"line":95,"column":0},"end":{"line":95,"column":68}},"95":{"start":{"line":96,"column":0},"end":{"line":96,"column":18}},"96":{"start":{"line":97,"column":0},"end":{"line":97,"column":13}},"97":{"start":{"line":98,"column":0},"end":{"line":98,"column":12}},"98":{"start":{"line":99,"column":0},"end":{"line":99,"column":72}},"99":{"start":{"line":100,"column":0},"end":{"line":100,"column":9}},"100":{"start":{"line":101,"column":0},"end":{"line":101,"column":5}},"101":{"start":{"line":102,"column":0},"end":{"line":102,"column":0}},"102":{"start":{"line":103,"column":0},"end":{"line":103,"column":35}},"103":{"start":{"line":104,"column":0},"end":{"line":104,"column":30}},"104":{"start":{"line":105,"column":0},"end":{"line":105,"column":5}},"105":{"start":{"line":106,"column":0},"end":{"line":106,"column":0}},"106":{"start":{"line":107,"column":0},"end":{"line":107,"column":76}},"107":{"start":{"line":108,"column":0},"end":{"line":108,"column":143}},"108":{"start":{"line":109,"column":0},"end":{"line":109,"column":43}},"109":{"start":{"line":110,"column":0},"end":{"line":110,"column":33}},"110":{"start":{"line":111,"column":0},"end":{"line":111,"column":0}},"111":{"start":{"line":112,"column":0},"end":{"line":112,"column":109}},"112":{"start":{"line":113,"column":0},"end":{"line":113,"column":83}},"113":{"start":{"line":114,"column":0},"end":{"line":114,"column":0}},"114":{"start":{"line":115,"column":0},"end":{"line":115,"column":46}},"115":{"start":{"line":116,"column":0},"end":{"line":116,"column":0}},"116":{"start":{"line":117,"column":0},"end":{"line":117,"column":42}},"117":{"start":{"line":118,"column":0},"end":{"line":118,"column":27}},"118":{"start":{"line":119,"column":0},"end":{"line":119,"column":18}},"119":{"start":{"line":120,"column":0},"end":{"line":120,"column":58}},"120":{"start":{"line":121,"column":0},"end":{"line":121,"column":21}},"121":{"start":{"line":122,"column":0},"end":{"line":122,"column":10}},"122":{"start":{"line":123,"column":0},"end":{"line":123,"column":0}},"123":{"start":{"line":124,"column":0},"end":{"line":124,"column":48}},"124":{"start":{"line":125,"column":0},"end":{"line":125,"column":61}},"125":{"start":{"line":126,"column":0},"end":{"line":126,"column":32}},"126":{"start":{"line":127,"column":0},"end":{"line":127,"column":36}},"127":{"start":{"line":128,"column":0},"end":{"line":128,"column":57}},"128":{"start":{"line":129,"column":0},"end":{"line":129,"column":0}},"129":{"start":{"line":130,"column":0},"end":{"line":130,"column":54}},"130":{"start":{"line":131,"column":0},"end":{"line":131,"column":0}},"131":{"start":{"line":132,"column":0},"end":{"line":132,"column":54}},"132":{"start":{"line":133,"column":0},"end":{"line":133,"column":38}},"133":{"start":{"line":134,"column":0},"end":{"line":134,"column":13}},"134":{"start":{"line":135,"column":0},"end":{"line":135,"column":11}},"135":{"start":{"line":136,"column":0},"end":{"line":136,"column":0}},"136":{"start":{"line":137,"column":0},"end":{"line":137,"column":38}},"137":{"start":{"line":138,"column":0},"end":{"line":138,"column":61}},"138":{"start":{"line":139,"column":0},"end":{"line":139,"column":32}},"139":{"start":{"line":140,"column":0},"end":{"line":140,"column":36}},"140":{"start":{"line":141,"column":0},"end":{"line":141,"column":57}},"141":{"start":{"line":142,"column":0},"end":{"line":142,"column":0}},"142":{"start":{"line":143,"column":0},"end":{"line":143,"column":54}},"143":{"start":{"line":144,"column":0},"end":{"line":144,"column":0}},"144":{"start":{"line":145,"column":0},"end":{"line":145,"column":54}},"145":{"start":{"line":146,"column":0},"end":{"line":146,"column":13}},"146":{"start":{"line":147,"column":0},"end":{"line":147,"column":11}},"147":{"start":{"line":148,"column":0},"end":{"line":148,"column":0}},"148":{"start":{"line":149,"column":0},"end":{"line":149,"column":72}},"149":{"start":{"line":150,"column":0},"end":{"line":150,"column":26}},"150":{"start":{"line":151,"column":0},"end":{"line":151,"column":23}},"151":{"start":{"line":152,"column":0},"end":{"line":152,"column":13}},"152":{"start":{"line":153,"column":0},"end":{"line":153,"column":0}},"153":{"start":{"line":154,"column":0},"end":{"line":154,"column":65}},"154":{"start":{"line":155,"column":0},"end":{"line":155,"column":30}},"155":{"start":{"line":156,"column":0},"end":{"line":156,"column":0}},"156":{"start":{"line":157,"column":0},"end":{"line":157,"column":40}},"157":{"start":{"line":158,"column":0},"end":{"line":158,"column":30}},"158":{"start":{"line":159,"column":0},"end":{"line":159,"column":32}},"159":{"start":{"line":160,"column":0},"end":{"line":160,"column":53}},"160":{"start":{"line":161,"column":0},"end":{"line":161,"column":42}},"161":{"start":{"line":162,"column":0},"end":{"line":162,"column":56}},"162":{"start":{"line":163,"column":0},"end":{"line":163,"column":43}},"163":{"start":{"line":164,"column":0},"end":{"line":164,"column":47}},"164":{"start":{"line":165,"column":0},"end":{"line":165,"column":43}},"165":{"start":{"line":166,"column":0},"end":{"line":166,"column":30}},"166":{"start":{"line":167,"column":0},"end":{"line":167,"column":69}},"167":{"start":{"line":168,"column":0},"end":{"line":168,"column":26}},"168":{"start":{"line":169,"column":0},"end":{"line":169,"column":0}},"169":{"start":{"line":170,"column":0},"end":{"line":170,"column":69}},"170":{"start":{"line":171,"column":0},"end":{"line":171,"column":20}},"171":{"start":{"line":172,"column":0},"end":{"line":172,"column":50}},"172":{"start":{"line":173,"column":0},"end":{"line":173,"column":48}},"173":{"start":{"line":174,"column":0},"end":{"line":174,"column":33}},"174":{"start":{"line":175,"column":0},"end":{"line":175,"column":21}},"175":{"start":{"line":176,"column":0},"end":{"line":176,"column":0}},"176":{"start":{"line":177,"column":0},"end":{"line":177,"column":47}},"177":{"start":{"line":178,"column":0},"end":{"line":178,"column":65}},"178":{"start":{"line":179,"column":0},"end":{"line":179,"column":20}},"179":{"start":{"line":180,"column":0},"end":{"line":180,"column":26}},"180":{"start":{"line":181,"column":0},"end":{"line":181,"column":17}},"181":{"start":{"line":182,"column":0},"end":{"line":182,"column":13}},"182":{"start":{"line":183,"column":0},"end":{"line":183,"column":11}},"183":{"start":{"line":184,"column":0},"end":{"line":184,"column":5}},"184":{"start":{"line":185,"column":0},"end":{"line":185,"column":1}},"185":{"start":{"line":186,"column":0},"end":{"line":186,"column":0}},"186":{"start":{"line":187,"column":0},"end":{"line":187,"column":29}}},"s":{"0":1,"1":1,"2":1,"3":1,"4":1,"5":1,"6":1,"7":1,"8":1,"9":1,"10":1,"11":1,"12":1,"13":1,"14":1,"15":1,"16":1,"17":1,"18":1,"19":1,"20":1,"21":1,"22":1,"23":1,"24":1,"25":1,"26":1,"27":1,"28":1,"29":1,"30":1,"31":1,"32":1,"33":1,"34":1,"35":1,"36":0,"37":0,"38":1,"39":1,"40":9,"41":9,"42":9,"43":9,"44":9,"45":9,"46":1,"47":1,"48":1,"49":3,"50":3,"51":1,"52":1,"53":9,"54":7,"55":7,"56":7,"57":0,"58":0,"59":7,"60":7,"61":7,"62":5,"63":5,"64":5,"65":5,"66":5,"67":5,"68":5,"69":5,"70":5,"71":5,"72":5,"73":5,"74":5,"75":5,"76":5,"77":5,"78":5,"79":5,"80":2,"81":2,"82":2,"83":2,"84":2,"85":2,"86":2,"87":2,"88":2,"89":2,"90":8,"91":1,"92":1,"93":1,"94":1,"95":1,"96":1,"97":0,"98":0,"99":0,"100":9,"101":1,"102":1,"103":1,"104":1,"105":1,"106":1,"107":6,"108":6,"109":6,"110":6,"111":6,"112":6,"113":6,"114":6,"115":6,"116":6,"117":6,"118":6,"119":6,"120":6,"121":6,"122":6,"123":6,"124":1,"125":1,"126":1,"127":1,"128":1,"129":1,"130":1,"131":1,"132":1,"133":1,"134":6,"135":6,"136":6,"137":4,"138":4,"139":4,"140":4,"141":4,"142":4,"143":4,"144":4,"145":4,"146":6,"147":6,"148":6,"149":7,"150":0,"151":0,"152":7,"153":7,"154":7,"155":7,"156":7,"157":1,"158":1,"159":1,"160":1,"161":1,"162":1,"163":1,"164":1,"165":1,"166":1,"167":1,"168":1,"169":1,"170":7,"171":6,"172":5,"173":0,"174":0,"175":5,"176":5,"177":5,"178":5,"179":5,"180":5,"181":6,"182":6,"183":6,"184":1,"185":1,"186":1},"branchMap":{"0":{"type":"branch","line":24,"loc":{"start":{"line":24,"column":4},"end":{"line":34,"column":5}},"locations":[{"start":{"line":24,"column":4},"end":{"line":34,"column":5}}]},"1":{"type":"branch","line":40,"loc":{"start":{"line":40,"column":4},"end":{"line":101,"column":5}},"locations":[{"start":{"line":40,"column":4},"end":{"line":101,"column":5}}]},"2":{"type":"branch","line":46,"loc":{"start":{"line":46,"column":30},"end":{"line":54,"column":15}},"locations":[{"start":{"line":46,"column":30},"end":{"line":54,"column":15}}]},"3":{"type":"branch","line":49,"loc":{"start":{"line":49,"column":55},"end":{"line":51,"column":13}},"locations":[{"start":{"line":49,"column":55},"end":{"line":51,"column":13}}]},"4":{"type":"branch","line":54,"loc":{"start":{"line":54,"column":9},"end":{"line":100,"column":9}},"locations":[{"start":{"line":54,"column":9},"end":{"line":100,"column":9}}]},"5":{"type":"branch","line":54,"loc":{"start":{"line":54,"column":55},"end":{"line":91,"column":15}},"locations":[{"start":{"line":54,"column":55},"end":{"line":91,"column":15}}]},"6":{"type":"branch","line":57,"loc":{"start":{"line":57,"column":41},"end":{"line":59,"column":13}},"locations":[{"start":{"line":57,"column":41},"end":{"line":59,"column":13}}]},"7":{"type":"branch","line":62,"loc":{"start":{"line":62,"column":33},"end":{"line":80,"column":13}},"locations":[{"start":{"line":62,"column":33},"end":{"line":80,"column":13}}]},"8":{"type":"branch","line":81,"loc":{"start":{"line":81,"column":-1},"end":{"line":91,"column":15}},"locations":[{"start":{"line":81,"column":-1},"end":{"line":91,"column":15}}]},"9":{"type":"branch","line":91,"loc":{"start":{"line":91,"column":9},"end":{"line":100,"column":9}},"locations":[{"start":{"line":91,"column":9},"end":{"line":100,"column":9}}]},"10":{"type":"branch","line":98,"loc":{"start":{"line":98,"column":-1},"end":{"line":100,"column":9}},"locations":[{"start":{"line":98,"column":-1},"end":{"line":100,"column":9}}]},"11":{"type":"branch","line":64,"loc":{"start":{"line":64,"column":40},"end":{"line":78,"column":21}},"locations":[{"start":{"line":64,"column":40},"end":{"line":78,"column":21}}]},"12":{"type":"branch","line":95,"loc":{"start":{"line":95,"column":32},"end":{"line":95,"column":67}},"locations":[{"start":{"line":95,"column":32},"end":{"line":95,"column":67}}]},"13":{"type":"branch","line":103,"loc":{"start":{"line":103,"column":12},"end":{"line":105,"column":5}},"locations":[{"start":{"line":103,"column":12},"end":{"line":105,"column":5}}]},"14":{"type":"branch","line":107,"loc":{"start":{"line":107,"column":4},"end":{"line":184,"column":5}},"locations":[{"start":{"line":107,"column":4},"end":{"line":184,"column":5}}]},"15":{"type":"branch","line":113,"loc":{"start":{"line":113,"column":55},"end":{"line":113,"column":82}},"locations":[{"start":{"line":113,"column":55},"end":{"line":113,"column":82}}]},"16":{"type":"branch","line":120,"loc":{"start":{"line":120,"column":44},"end":{"line":120,"column":57}},"locations":[{"start":{"line":120,"column":44},"end":{"line":120,"column":57}}]},"17":{"type":"branch","line":124,"loc":{"start":{"line":124,"column":31},"end":{"line":135,"column":9}},"locations":[{"start":{"line":124,"column":31},"end":{"line":135,"column":9}}]},"18":{"type":"branch","line":137,"loc":{"start":{"line":137,"column":31},"end":{"line":147,"column":9}},"locations":[{"start":{"line":137,"column":31},"end":{"line":147,"column":9}}]},"19":{"type":"branch","line":149,"loc":{"start":{"line":149,"column":33},"end":{"line":183,"column":9}},"locations":[{"start":{"line":149,"column":33},"end":{"line":183,"column":9}}]},"20":{"type":"branch","line":150,"loc":{"start":{"line":150,"column":25},"end":{"line":152,"column":13}},"locations":[{"start":{"line":150,"column":25},"end":{"line":152,"column":13}}]},"21":{"type":"branch","line":157,"loc":{"start":{"line":157,"column":39},"end":{"line":171,"column":19}},"locations":[{"start":{"line":157,"column":39},"end":{"line":171,"column":19}}]},"22":{"type":"branch","line":160,"loc":{"start":{"line":160,"column":24},"end":{"line":160,"column":53}},"locations":[{"start":{"line":160,"column":24},"end":{"line":160,"column":53}}]},"23":{"type":"branch","line":171,"loc":{"start":{"line":171,"column":13},"end":{"line":182,"column":13}},"locations":[{"start":{"line":171,"column":13},"end":{"line":182,"column":13}}]},"24":{"type":"branch","line":172,"loc":{"start":{"line":172,"column":49},"end":{"line":181,"column":17}},"locations":[{"start":{"line":172,"column":49},"end":{"line":181,"column":17}}]},"25":{"type":"branch","line":173,"loc":{"start":{"line":173,"column":47},"end":{"line":175,"column":21}},"locations":[{"start":{"line":173,"column":47},"end":{"line":175,"column":21}}]},"26":{"type":"branch","line":161,"loc":{"start":{"line":161,"column":26},"end":{"line":168,"column":25}},"locations":[{"start":{"line":161,"column":26},"end":{"line":168,"column":25}}]}},"b":{"0":[1],"1":[9],"2":[1],"3":[3],"4":[8],"5":[7],"6":[0],"7":[5],"8":[2],"9":[1],"10":[0],"11":[5],"12":[1],"13":[1],"14":[6],"15":[4],"16":[1],"17":[1],"18":[4],"19":[7],"20":[0],"21":[1],"22":[0],"23":[6],"24":[5],"25":[0],"26":[1]},"fnMap":{"0":{"name":"WSTransporter","decl":{"start":{"line":24,"column":4},"end":{"line":34,"column":5}},"loc":{"start":{"line":24,"column":4},"end":{"line":34,"column":5}},"line":24},"1":{"name":"get state","decl":{"start":{"line":36,"column":4},"end":{"line":38,"column":5}},"loc":{"start":{"line":36,"column":4},"end":{"line":38,"column":5}},"line":36},"2":{"name":"send","decl":{"start":{"line":40,"column":4},"end":{"line":101,"column":5}},"loc":{"start":{"line":40,"column":4},"end":{"line":101,"column":5}},"line":40},"3":{"name":"connection.ws.send.JSON.stringify.id","decl":{"start":{"line":64,"column":40},"end":{"line":78,"column":21}},"loc":{"start":{"line":64,"column":40},"end":{"line":78,"column":21}},"line":64},"4":{"name":"handleError","decl":{"start":{"line":103,"column":12},"end":{"line":105,"column":5}},"loc":{"start":{"line":103,"column":12},"end":{"line":105,"column":5}},"line":103},"5":{"name":"handleConnection","decl":{"start":{"line":107,"column":4},"end":{"line":184,"column":5}},"loc":{"start":{"line":107,"column":4},"end":{"line":184,"column":5}},"line":107},"6":{"name":"res.id.message.id","decl":{"start":{"line":160,"column":26},"end":{"line":160,"column":53}},"loc":{"start":{"line":160,"column":26},"end":{"line":160,"column":53}},"line":160},"7":{"name":"answer","decl":{"start":{"line":161,"column":26},"end":{"line":168,"column":25}},"loc":{"start":{"line":161,"column":26},"end":{"line":168,"column":25}},"line":161}},"f":{"0":1,"1":0,"2":9,"3":5,"4":1,"5":6,"6":0,"7":1}}
}
