TN:
SF:src/client/services/transporter/ws-transporter.ts
FN:18,WSTransporter
FN:24,WSTransporter.ws.onopen
FN:29,get state
FN:37,send
FN:43,ws.send.JSON.stringify.id
FN:72,handleError
FN:76,handleMessage
FN:90,res.id.message.id
FN:91,answer
FNF:9
FNH:6
FNDA:4,WSTransporter
FNDA:4,WSTransporter.ws.onopen
FNDA:0,get state
FNDA:3,send
FNDA:2,ws.send.JSON.stringify.id
FNDA:0,handleError
FNDA:8,handleMessage
FNDA:0,res.id.message.id
FNDA:2,answer
DA:1,1
DA:2,1
DA:3,1
DA:4,1
DA:5,1
DA:6,1
DA:7,1
DA:8,1
DA:9,1
DA:10,1
DA:11,1
DA:12,1
DA:13,1
DA:14,1
DA:15,1
DA:16,1
DA:17,1
DA:18,1
DA:19,4
DA:20,4
DA:21,4
DA:22,4
DA:23,4
DA:24,4
DA:25,4
DA:26,4
DA:27,4
DA:28,1
DA:29,1
DA:30,0
DA:31,0
DA:32,0
DA:33,0
DA:34,0
DA:35,0
DA:36,1
DA:37,1
DA:38,3
DA:39,3
DA:40,3
DA:41,3
DA:42,2
DA:43,2
DA:44,2
DA:45,2
DA:46,2
DA:47,2
DA:48,2
DA:49,2
DA:50,2
DA:51,2
DA:52,2
DA:53,2
DA:54,2
DA:55,2
DA:56,2
DA:57,2
DA:58,2
DA:59,2
DA:60,1
DA:61,1
DA:62,1
DA:63,1
DA:64,1
DA:65,1
DA:66,1
DA:67,1
DA:68,1
DA:69,1
DA:70,1
DA:71,1
DA:72,1
DA:73,0
DA:74,0
DA:75,1
DA:76,1
DA:77,8
DA:78,8
DA:79,8
DA:80,8
DA:81,8
DA:82,8
DA:83,4
DA:84,4
DA:85,4
DA:86,8
DA:87,8
DA:88,2
DA:89,2
DA:90,2
DA:91,2
DA:92,2
DA:93,2
DA:94,2
DA:95,2
DA:96,2
DA:97,2
DA:98,2
DA:99,2
DA:100,2
DA:101,2
DA:102,2
DA:103,2
DA:104,8
DA:105,8
DA:106,2
DA:107,3
DA:108,1
DA:109,1
DA:110,2
DA:111,2
DA:112,2
DA:113,2
DA:114,2
DA:115,2
DA:116,2
DA:117,8
DA:118,8
DA:119,1
DA:120,1
DA:121,1
LF:121
LH:113
BRDA:18,0,0,4
BRDA:24,1,0,4
BRDA:37,2,0,3
BRDA:41,3,0,2
BRDA:60,4,0,1
BRDA:43,5,0,2
BRDA:76,6,0,8
BRDA:82,7,0,4
BRDA:87,8,0,2
BRDA:90,9,0,0
BRDA:105,10,0,2
BRDA:106,11,0,3
BRDA:107,12,0,1
BRDA:110,13,0,2
BRDA:91,14,0,2
BRF:15
BRH:14
end_of_record
TN:
SF:src/core/entity.ts
FN:18,Entity
FN:38,delete
FN:51,think
FN:55,unlink
FN:64,link
FN:77,setState
FN:84,getEntityState
FN:108,setEntityState
FN:140,fromState
FNF:9
FNH:5
FNDA:7,Entity
FNDA:3,delete
FNDA:2,think
FNDA:0,unlink
FNDA:0,link
FNDA:0,setState
FNDA:4,getEntityState
FNDA:2,setEntityState
FNDA:0,fromState
DA:1,1
DA:2,1
DA:3,1
DA:4,1
DA:5,1
DA:6,1
DA:7,1
DA:8,1
DA:9,1
DA:10,1
DA:11,1
DA:12,1
DA:13,1
DA:14,1
DA:15,1
DA:16,1
DA:17,1
DA:18,1
DA:19,7
DA:20,7
DA:21,5
DA:22,5
DA:23,5
DA:24,5
DA:25,7
DA:26,7
DA:27,7
DA:28,7
DA:29,7
DA:30,7
DA:31,7
DA:32,7
DA:33,7
DA:34,7
DA:35,7
DA:36,7
DA:37,1
DA:38,1
DA:39,3
DA:40,3
DA:41,3
DA:42,3
DA:43,0
DA:44,0
DA:45,3
DA:46,1
DA:47,1
DA:48,1
DA:49,1
DA:50,1
DA:51,1
DA:52,2
DA:53,2
DA:54,1
DA:55,1
DA:56,0
DA:57,0
DA:58,0
DA:59,0
DA:60,0
DA:61,0
DA:62,0
DA:63,1
DA:64,1
DA:65,0
DA:66,0
DA:67,0
DA:68,0
DA:69,0
DA:70,0
DA:71,1
DA:72,1
DA:73,1
DA:74,1
DA:75,1
DA:76,1
DA:77,1
DA:78,0
DA:79,0
DA:80,1
DA:81,1
DA:82,1
DA:83,1
DA:84,1
DA:85,4
DA:86,4
DA:87,4
DA:88,0
DA:89,0
DA:90,4
DA:91,4
DA:92,4
DA:93,4
DA:94,4
DA:95,4
DA:96,4
DA:97,4
DA:98,4
DA:99,4
DA:100,4
DA:101,4
DA:102,4
DA:103,1
DA:104,1
DA:105,1
DA:106,1
DA:107,1
DA:108,1
DA:109,2
DA:110,2
DA:111,2
DA:112,2
DA:113,2
DA:114,2
DA:115,2
DA:116,2
DA:117,2
DA:118,2
DA:119,0
DA:120,0
DA:121,0
DA:122,0
DA:123,0
DA:124,0
DA:125,2
DA:126,2
DA:127,0
DA:128,2
DA:129,2
DA:130,2
DA:131,2
DA:132,2
DA:133,2
DA:134,1
DA:135,1
DA:136,1
DA:137,1
DA:138,1
DA:139,1
DA:140,1
DA:141,0
DA:142,0
DA:143,0
DA:144,0
DA:145,0
DA:146,0
DA:147,1
LF:147
LH:115
BRDA:18,0,0,7
BRDA:20,1,0,5
BRDA:38,2,0,3
BRDA:42,3,0,0
BRDA:51,4,0,2
BRDA:84,5,0,4
BRDA:87,6,0,0
BRDA:108,7,0,2
BRDA:118,8,0,0
BRF:9
BRH:6
end_of_record
TN:
SF:src/core/map-object.ts
FN:19,MapObject
FN:27,activate
FN:31,getProps
FN:35,getState
FN:39,getShape
FN:43,connect
FN:50,on
FN:54,emit
FN:58,setMapObjectState
FN:76,getMapObjectState
FN:96,think
FNF:11
FNH:2
FNDA:2,MapObject
FNDA:0,activate
FNDA:0,getProps
FNDA:0,getState
FNDA:0,getShape
FNDA:0,connect
FNDA:0,on
FNDA:0,emit
FNDA:0,setMapObjectState
FNDA:2,getMapObjectState
FNDA:0,think
DA:1,1
DA:2,1
DA:3,1
DA:4,1
DA:5,1
DA:6,1
DA:7,1
DA:8,1
DA:9,1
DA:10,1
DA:11,1
DA:12,1
DA:13,1
DA:14,1
DA:15,1
DA:16,1
DA:17,1
DA:18,1
DA:19,1
DA:20,2
DA:21,2
DA:22,2
DA:23,2
DA:24,2
DA:25,2
DA:26,1
DA:27,1
DA:28,0
DA:29,0
DA:30,1
DA:31,1
DA:32,0
DA:33,0
DA:34,1
DA:35,1
DA:36,0
DA:37,0
DA:38,1
DA:39,1
DA:40,0
DA:41,0
DA:42,1
DA:43,1
DA:44,0
DA:45,0
DA:46,0
DA:47,0
DA:48,0
DA:49,1
DA:50,1
DA:51,0
DA:52,0
DA:53,1
DA:54,1
DA:55,0
DA:56,0
DA:57,1
DA:58,1
DA:59,0
DA:60,0
DA:61,0
DA:62,0
DA:63,0
DA:64,0
DA:65,0
DA:66,0
DA:67,0
DA:68,0
DA:69,0
DA:70,0
DA:71,0
DA:72,0
DA:73,0
DA:74,0
DA:75,1
DA:76,1
DA:77,2
DA:78,2
DA:79,2
DA:80,0
DA:81,0
DA:82,2
DA:83,2
DA:84,2
DA:85,2
DA:86,2
DA:87,2
DA:88,2
DA:89,2
DA:90,2
DA:91,2
DA:92,2
DA:93,2
DA:94,2
DA:95,1
DA:96,1
DA:97,0
DA:98,0
DA:99,1
LF:99
LH:62
BRDA:19,0,0,2
BRDA:76,1,0,2
BRDA:79,2,0,0
BRF:3
BRH:2
end_of_record
TN:
SF:src/core/registry.ts
FN:8,Registry
FN:17,registerClass
FN:21,getClass
FNF:3
FNH:3
FNDA:1,Registry
FNDA:2,registerClass
FNDA:4,getClass
DA:1,1
DA:2,1
DA:3,1
DA:4,1
DA:5,1
DA:6,1
DA:7,1
DA:8,1
DA:9,1
DA:10,1
DA:11,1
DA:12,1
DA:13,1
DA:14,1
DA:15,1
DA:16,1
DA:17,1
DA:18,2
DA:19,2
DA:20,1
DA:21,1
DA:22,4
DA:23,4
DA:24,4
DA:25,2
DA:26,2
DA:27,2
DA:28,2
DA:29,2
DA:30,1
LF:30
LH:30
BRDA:8,0,0,1
BRDA:17,1,0,2
BRDA:21,2,0,4
BRDA:24,3,0,2
BRF:4
BRH:4
end_of_record
TN:
SF:src/core/world.ts
FN:26,World
FN:33,get entities
FN:37,get objects
FN:41,registerClass
FN:45,addEntity
FN:56,getEntity
FN:60,addObject
FN:67,getObject
FN:77,getState
FN:94,setState
FN:121,deletePendingEntities
FN:139,runTick
FN:167,getTime
FNF:13
FNH:13
FNDA:3,World
FNDA:7,get entities
FNDA:1,get objects
FNDA:2,registerClass
FNDA:7,addEntity
FNDA:9,getEntity
FNDA:2,addObject
FNDA:4,getObject
FNDA:1,getState
FNDA:1,setState
FNDA:2,deletePendingEntities
FNDA:2,runTick
FNDA:1,getTime
DA:1,1
DA:2,1
DA:3,1
DA:4,1
DA:5,1
DA:6,1
DA:7,1
DA:8,1
DA:9,1
DA:10,1
DA:11,1
DA:12,1
DA:13,1
DA:14,1
DA:15,1
DA:16,1
DA:17,1
DA:18,1
DA:19,1
DA:20,1
DA:21,1
DA:22,1
DA:23,1
DA:24,1
DA:25,1
DA:26,1
DA:27,3
DA:28,3
DA:29,3
DA:30,3
DA:31,3
DA:32,1
DA:33,1
DA:34,7
DA:35,7
DA:36,1
DA:37,1
DA:38,1
DA:39,1
DA:40,1
DA:41,1
DA:42,2
DA:43,2
DA:44,1
DA:45,1
DA:46,7
DA:47,7
DA:48,7
DA:49,7
DA:50,7
DA:51,7
DA:52,7
DA:53,7
DA:54,7
DA:55,1
DA:56,1
DA:57,9
DA:58,9
DA:59,1
DA:60,1
DA:61,2
DA:62,2
DA:63,2
DA:64,2
DA:65,2
DA:66,1
DA:67,1
DA:68,4
DA:69,3
DA:70,2
DA:71,2
DA:72,3
DA:73,2
DA:74,2
DA:75,2
DA:76,1
DA:77,1
DA:78,1
DA:79,1
DA:80,1
DA:81,1
DA:82,1
DA:83,1
DA:84,4
DA:85,4
DA:86,1
DA:87,1
DA:88,2
DA:89,2
DA:90,1
DA:91,1
DA:92,1
DA:93,1
DA:94,1
DA:95,1
DA:96,4
DA:97,4
DA:98,4
DA:99,4
DA:100,0
DA:101,4
DA:102,4
DA:103,4
DA:104,4
DA:105,4
DA:106,4
DA:107,1
DA:108,1
DA:109,2
DA:110,2
DA:111,2
DA:112,0
DA:113,0
DA:114,2
DA:115,1
DA:116,1
DA:117,1
DA:118,1
DA:119,1
DA:120,1
DA:121,1
DA:122,2
DA:123,2
DA:124,1
DA:125,1
DA:126,1
DA:127,2
DA:128,2
DA:129,2
DA:130,2
DA:131,2
DA:132,0
DA:133,0
DA:134,0
DA:135,0
DA:136,2
DA:137,2
DA:138,1
DA:139,1
DA:140,2
DA:141,2
DA:142,2
DA:143,2
DA:144,2
DA:145,2
DA:146,2
DA:147,2
DA:148,2
DA:149,2
DA:150,2
DA:151,0
DA:152,0
DA:153,2
DA:154,2
DA:155,2
DA:156,2
DA:157,2
DA:158,2
DA:159,0
DA:160,0
DA:161,0
DA:162,0
DA:163,0
DA:164,0
DA:165,2
DA:166,1
DA:167,1
DA:168,1
DA:169,1
DA:170,1
LF:170
LH:155
BRDA:26,0,0,3
BRDA:30,1,0,1
BRDA:33,2,0,7
BRDA:37,3,0,1
BRDA:41,4,0,2
BRDA:45,5,0,7
BRDA:56,6,0,9
BRDA:57,7,0,7
BRDA:57,8,0,10
BRDA:60,9,0,2
BRDA:67,10,0,4
BRDA:68,11,0,3
BRDA:69,12,0,2
BRDA:73,13,0,2
BRDA:77,14,0,1
BRDA:83,15,0,4
BRDA:87,16,0,2
BRDA:94,17,0,1
BRDA:95,18,0,4
BRDA:99,19,0,0
BRDA:108,20,0,2
BRDA:111,21,0,0
BRDA:121,22,0,2
BRDA:131,23,0,0
BRDA:122,24,0,2
BRDA:123,25,0,1
BRDA:139,26,0,2
BRDA:150,27,0,0
BRDA:159,28,0,0
BRDA:167,29,0,1
BRF:30
BRH:25
end_of_record
TN:
SF:src/core/constants/physical-activity.ts
FNF:0
FNH:0
DA:1,1
DA:2,1
DA:3,1
DA:4,1
LF:4
LH:4
BRDA:1,0,0,1
BRF:1
BRH:1
end_of_record
TN:
SF:src/core/constants/physical-model-type.ts
FNF:0
FNH:0
DA:1,1
DA:2,1
DA:3,1
DA:4,1
DA:5,1
DA:6,1
DA:7,1
DA:8,1
LF:8
LH:8
BRDA:1,0,0,1
BRF:1
BRH:1
end_of_record
TN:
SF:src/core/entities/healthy.ts
FN:9,HealthyEntity
FN:15,damage
FN:23,getEntityState
FN:32,setEntityState
FN:38,fromState
FNF:5
FNH:4
FNDA:2,HealthyEntity
FNDA:0,damage
FNDA:1,getEntityState
FNDA:1,setEntityState
FNDA:1,fromState
DA:1,1
DA:2,1
DA:3,1
DA:4,1
DA:5,1
DA:6,1
DA:7,1
DA:8,1
DA:9,1
DA:10,2
DA:11,2
DA:12,2
DA:13,2
DA:14,1
DA:15,1
DA:16,0
DA:17,0
DA:18,0
DA:19,0
DA:20,0
DA:21,0
DA:22,1
DA:23,1
DA:24,1
DA:25,1
DA:26,1
DA:27,1
DA:28,1
DA:29,1
DA:30,1
DA:31,1
DA:32,1
DA:33,1
DA:34,1
DA:35,1
DA:36,1
DA:37,1
DA:38,1
DA:39,1
DA:40,1
DA:41,1
DA:42,1
DA:43,1
DA:44,1
DA:45,1
LF:45
LH:39
BRDA:9,0,0,2
BRDA:11,1,0,0
BRDA:23,2,0,1
BRDA:32,3,0,1
BRDA:38,4,0,1
BRF:5
BRH:4
end_of_record
TN:
SF:src/core/entities/pickable.ts
FN:11,PickableEntity
FN:17,pick
FN:26,unpick
FN:32,getEntityState
FN:42,setEntityState
FN:54,fromState
FNF:6
FNH:4
FNDA:2,PickableEntity
FNDA:0,pick
FNDA:0,unpick
FNDA:1,getEntityState
FNDA:1,setEntityState
FNDA:1,fromState
DA:1,1
DA:2,1
DA:3,1
DA:4,1
DA:5,1
DA:6,1
DA:7,1
DA:8,1
DA:9,1
DA:10,1
DA:11,1
DA:12,2
DA:13,2
DA:14,2
DA:15,2
DA:16,1
DA:17,1
DA:18,0
DA:19,0
DA:20,0
DA:21,0
DA:22,0
DA:23,0
DA:24,0
DA:25,1
DA:26,1
DA:27,0
DA:28,0
DA:29,0
DA:30,1
DA:31,1
DA:32,1
DA:33,1
DA:34,1
DA:35,1
DA:36,1
DA:37,1
DA:38,1
DA:39,1
DA:40,1
DA:41,1
DA:42,1
DA:43,1
DA:44,1
DA:45,1
DA:46,1
DA:47,1
DA:48,0
DA:49,1
DA:50,1
DA:51,1
DA:52,1
DA:53,1
DA:54,1
DA:55,1
DA:56,1
DA:57,1
DA:58,1
DA:59,1
DA:60,1
DA:61,1
LF:61
LH:50
BRDA:11,0,0,2
BRDA:32,1,0,1
BRDA:37,2,0,0
BRDA:42,3,0,1
BRDA:47,4,0,0
BRDA:54,5,0,1
BRF:6
BRH:4
end_of_record
TN:
SF:src/core/entities/base/physical.ts
FN:12,PhysicalEntity
FN:19,getEntityState
FN:48,setEntityState
FN:66,fromState
FNF:4
FNH:3
FNDA:2,PhysicalEntity
FNDA:1,getEntityState
FNDA:1,setEntityState
FNDA:0,fromState
DA:1,1
DA:2,1
DA:3,1
DA:4,1
DA:5,1
DA:6,1
DA:7,1
DA:8,1
DA:9,1
DA:10,1
DA:11,1
DA:12,1
DA:13,2
DA:14,2
DA:15,2
DA:16,2
DA:17,2
DA:18,1
DA:19,1
DA:20,1
DA:21,1
DA:22,1
DA:23,1
DA:24,1
DA:25,1
DA:26,1
DA:27,1
DA:28,1
DA:29,1
DA:30,1
DA:31,1
DA:32,1
DA:33,1
DA:34,1
DA:35,1
DA:36,1
DA:37,1
DA:38,1
DA:39,1
DA:40,1
DA:41,1
DA:42,1
DA:43,1
DA:44,1
DA:45,1
DA:46,1
DA:47,1
DA:48,1
DA:49,1
DA:50,1
DA:51,1
DA:52,1
DA:53,1
DA:54,1
DA:55,1
DA:56,1
DA:57,1
DA:58,1
DA:59,1
DA:60,1
DA:61,1
DA:62,1
DA:63,1
DA:64,1
DA:65,1
DA:66,1
DA:67,0
DA:68,0
DA:69,0
DA:70,0
DA:71,0
DA:72,0
DA:73,1
LF:73
LH:67
BRDA:12,0,0,2
BRDA:19,1,0,1
BRDA:48,2,0,1
BRF:3
BRH:3
end_of_record
TN:
SF:src/core/lib/vector.ts
FN:8,Vector
FN:14,from
FN:18,set
FN:24,magnitude
FN:28,squaredMagnitude
FN:32,add
FN:38,sub
FN:44,mul
FN:50,div
FN:56,cross
FN:63,normalize
FN:70,dot
FN:74,add
FN:78,sub
FN:82,mul
FN:86,normalize
FN:91,div
FN:95,cross
FN:103,dot
FN:107,distance
FN:111,magnitude
FN:121,zero
FNF:22
FNH:2
FNDA:9,Vector
FNDA:0,from
FNDA:0,set
FNDA:0,magnitude
FNDA:0,squaredMagnitude
FNDA:0,add
FNDA:0,sub
FNDA:0,mul
FNDA:0,div
FNDA:0,cross
FNDA:0,normalize
FNDA:0,dot
FNDA:0,add
FNDA:0,sub
FNDA:0,mul
FNDA:0,normalize
FNDA:0,div
FNDA:0,cross
FNDA:0,dot
FNDA:0,distance
FNDA:0,magnitude
FNDA:6,zero
DA:1,1
DA:2,1
DA:3,1
DA:4,1
DA:5,1
DA:6,1
DA:7,1
DA:8,1
DA:9,9
DA:10,9
DA:11,9
DA:12,9
DA:13,1
DA:14,1
DA:15,0
DA:16,0
DA:17,1
DA:18,1
DA:19,0
DA:20,0
DA:21,0
DA:22,0
DA:23,1
DA:24,1
DA:25,0
DA:26,0
DA:27,1
DA:28,1
DA:29,0
DA:30,0
DA:31,1
DA:32,1
DA:33,0
DA:34,0
DA:35,0
DA:36,0
DA:37,1
DA:38,1
DA:39,0
DA:40,0
DA:41,0
DA:42,0
DA:43,1
DA:44,1
DA:45,0
DA:46,0
DA:47,0
DA:48,0
DA:49,1
DA:50,1
DA:51,0
DA:52,0
DA:53,0
DA:54,0
DA:55,1
DA:56,1
DA:57,0
DA:58,0
DA:59,0
DA:60,0
DA:61,0
DA:62,1
DA:63,1
DA:64,0
DA:65,0
DA:66,0
DA:67,0
DA:68,0
DA:69,1
DA:70,1
DA:71,0
DA:72,0
DA:73,1
DA:74,1
DA:75,0
DA:76,0
DA:77,1
DA:78,1
DA:79,0
DA:80,0
DA:81,1
DA:82,1
DA:83,0
DA:84,0
DA:85,1
DA:86,1
DA:87,0
DA:88,0
DA:89,0
DA:90,1
DA:91,1
DA:92,0
DA:93,0
DA:94,1
DA:95,1
DA:96,0
DA:97,0
DA:98,0
DA:99,0
DA:100,0
DA:101,0
DA:102,1
DA:103,1
DA:104,0
DA:105,0
DA:106,1
DA:107,1
DA:108,0
DA:109,0
DA:110,1
DA:111,1
DA:112,0
DA:113,0
DA:114,1
DA:115,1
DA:116,1
DA:117,1
DA:118,1
DA:119,1
DA:120,1
DA:121,1
DA:122,6
DA:123,6
DA:124,1
DA:125,1
DA:126,1
LF:126
LH:65
BRDA:8,0,0,9
BRDA:121,1,0,6
BRF:2
BRH:2
end_of_record
TN:
SF:src/core/services/event-emitter.ts
FN:4,EventEmitter
FN:8,on
FN:16,emit
FNF:3
FNH:3
FNDA:6,EventEmitter
FNDA:7,on
FNDA:19,emit
DA:1,1
DA:2,1
DA:3,1
DA:4,1
DA:5,6
DA:6,6
DA:7,1
DA:8,1
DA:9,7
DA:10,3
DA:11,7
DA:12,4
DA:13,4
DA:14,7
DA:15,1
DA:16,1
DA:17,19
DA:18,19
DA:19,19
DA:20,1
DA:21,2
DA:22,2
DA:23,1
DA:24,19
DA:25,19
DA:26,16
DA:27,16
DA:28,3
DA:29,5
DA:30,5
DA:31,5
DA:32,3
DA:33,3
DA:34,3
DA:35,1
LF:35
LH:35
BRDA:4,0,0,6
BRDA:8,1,0,7
BRDA:9,2,0,3
BRDA:11,3,0,4
BRDA:16,4,0,19
BRDA:19,5,0,1
BRDA:20,6,0,2
BRDA:25,7,0,16
BRDA:28,8,0,5
BRDA:28,9,0,3
BRDA:32,10,0,3
BRF:11
BRH:11
end_of_record
TN:
SF:src/server/services/transporter/ws-transporter.ts
FN:24,WSTransporter
FN:36,get state
FN:40,send
FN:70,connection.ws.send.JSON.stringify.id
FN:109,handleError
FN:113,handleConnection
FN:166,res.id.message.id
FN:167,answer
FNF:8
FNH:6
FNDA:1,WSTransporter
FNDA:0,get state
FNDA:9,send
FNDA:5,connection.ws.send.JSON.stringify.id
FNDA:1,handleError
FNDA:6,handleConnection
FNDA:0,res.id.message.id
FNDA:1,answer
DA:1,1
DA:2,1
DA:3,1
DA:4,1
DA:5,1
DA:6,1
DA:7,1
DA:8,1
DA:9,1
DA:10,1
DA:11,1
DA:12,1
DA:13,1
DA:14,1
DA:15,1
DA:16,1
DA:17,1
DA:18,1
DA:19,1
DA:20,1
DA:21,1
DA:22,1
DA:23,1
DA:24,1
DA:25,1
DA:26,1
DA:27,1
DA:28,1
DA:29,1
DA:30,1
DA:31,1
DA:32,1
DA:33,1
DA:34,1
DA:35,1
DA:36,1
DA:37,0
DA:38,0
DA:39,1
DA:40,1
DA:41,9
DA:42,9
DA:43,9
DA:44,9
DA:45,9
DA:46,9
DA:47,1
DA:48,1
DA:49,1
DA:50,1
DA:51,1
DA:52,1
DA:53,1
DA:54,1
DA:55,1
DA:56,3
DA:57,3
DA:58,1
DA:59,1
DA:60,9
DA:61,7
DA:62,7
DA:63,7
DA:64,0
DA:65,0
DA:66,7
DA:67,7
DA:68,7
DA:69,5
DA:70,5
DA:71,5
DA:72,5
DA:73,5
DA:74,5
DA:75,5
DA:76,5
DA:77,5
DA:78,5
DA:79,5
DA:80,5
DA:81,5
DA:82,5
DA:83,5
DA:84,5
DA:85,5
DA:86,5
DA:87,2
DA:88,2
DA:89,2
DA:90,2
DA:91,2
DA:92,2
DA:93,2
DA:94,2
DA:95,2
DA:96,2
DA:97,8
DA:98,1
DA:99,1
DA:100,1
DA:101,1
DA:102,1
DA:103,1
DA:104,0
DA:105,0
DA:106,0
DA:107,9
DA:108,1
DA:109,1
DA:110,1
DA:111,1
DA:112,1
DA:113,1
DA:114,6
DA:115,6
DA:116,6
DA:117,6
DA:118,6
DA:119,6
DA:120,6
DA:121,6
DA:122,6
DA:123,6
DA:124,6
DA:125,6
DA:126,6
DA:127,6
DA:128,6
DA:129,6
DA:130,6
DA:131,1
DA:132,1
DA:133,1
DA:134,1
DA:135,1
DA:136,1
DA:137,1
DA:138,1
DA:139,1
DA:140,1
DA:141,6
DA:142,6
DA:143,6
DA:144,5
DA:145,5
DA:146,5
DA:147,5
DA:148,5
DA:149,5
DA:150,5
DA:151,5
DA:152,5
DA:153,6
DA:154,6
DA:155,6
DA:156,7
DA:157,0
DA:158,0
DA:159,7
DA:160,7
DA:161,7
DA:162,7
DA:163,7
DA:164,1
DA:165,1
DA:166,1
DA:167,1
DA:168,1
DA:169,1
DA:170,1
DA:171,1
DA:172,1
DA:173,1
DA:174,1
DA:175,1
DA:176,1
DA:177,7
DA:178,6
DA:179,5
DA:180,0
DA:181,0
DA:182,5
DA:183,5
DA:184,5
DA:185,5
DA:186,5
DA:187,5
DA:188,6
DA:189,6
DA:190,6
DA:191,1
DA:192,1
DA:193,1
LF:193
LH:182
BRDA:24,0,0,1
BRDA:40,1,0,9
BRDA:46,2,0,1
BRDA:55,3,0,3
BRDA:60,4,0,8
BRDA:60,5,0,7
BRDA:63,6,0,0
BRDA:68,7,0,5
BRDA:87,8,0,2
BRDA:97,9,0,1
BRDA:104,10,0,0
BRDA:70,11,0,5
BRDA:101,12,0,1
BRDA:109,13,0,1
BRDA:113,14,0,6
BRDA:119,15,0,4
BRDA:126,16,0,1
BRDA:130,17,0,1
BRDA:143,18,0,5
BRDA:155,19,0,7
BRDA:156,20,0,0
BRDA:163,21,0,1
BRDA:166,22,0,0
BRDA:177,23,0,6
BRDA:178,24,0,5
BRDA:179,25,0,0
BRDA:167,26,0,1
BRF:27
BRH:22
end_of_record
