TN:
SF:src/core/contracts/services/transporter/abstract-transporter.ts
FNF:0
FNH:0
DA:1,1
DA:2,1
DA:3,1
DA:4,1
DA:5,1
DA:6,1
DA:7,1
DA:8,1
DA:9,1
DA:10,1
DA:11,1
DA:12,1
DA:13,1
DA:14,1
DA:15,1
DA:16,1
DA:17,1
DA:18,1
DA:19,1
DA:20,1
DA:21,1
DA:22,1
DA:23,1
DA:24,1
DA:25,1
DA:26,1
DA:27,1
DA:28,1
DA:29,1
DA:30,1
DA:31,1
DA:32,1
DA:33,1
DA:34,1
LF:34
LH:34
BRF:0
BRH:0
end_of_record
TN:
SF:src/core/services/event-emitter.ts
FN:4,EventEmitter
FN:8,on
FN:16,emit
FNF:3
FNH:3
FNDA:2,EventEmitter
FNDA:14,on
FNDA:18,emit
DA:1,1
DA:2,1
DA:3,1
DA:4,1
DA:5,2
DA:6,2
DA:7,1
DA:8,1
DA:9,14
DA:10,6
DA:11,14
DA:12,8
DA:13,8
DA:14,14
DA:15,1
DA:16,1
DA:17,18
DA:18,18
DA:19,18
DA:20,1
DA:21,2
DA:22,2
DA:23,1
DA:24,18
DA:25,18
DA:26,2
DA:27,2
DA:28,16
DA:29,18
DA:30,27
DA:31,27
DA:32,16
DA:33,16
DA:34,16
DA:35,1
LF:35
LH:35
BRDA:4,0,0,2
BRDA:8,1,0,14
BRDA:9,2,0,6
BRDA:11,3,0,8
BRDA:16,4,0,18
BRDA:19,5,0,1
BRDA:20,6,0,2
BRDA:25,7,0,2
BRDA:28,8,0,16
BRDA:29,9,0,27
BRDA:32,10,0,16
BRF:11
BRH:11
end_of_record
TN:
SF:src/server/services/transporter/ws-transporter.ts
FN:24,WSTransporter
FN:36,get state
FN:40,send
FN:64,connection.ws.send.JSON.stringify.id
FN:103,handleError
FN:107,handleConnection
FN:160,res.id.message.id
FN:161,answer
FNF:8
FNH:6
FNDA:1,WSTransporter
FNDA:0,get state
FNDA:9,send
FNDA:5,connection.ws.send.JSON.stringify.id
FNDA:1,handleError
FNDA:6,handleConnection
FNDA:0,res.id.message.id
FNDA:1,answer
DA:1,1
DA:2,1
DA:3,1
DA:4,1
DA:5,1
DA:6,1
DA:7,1
DA:8,1
DA:9,1
DA:10,1
DA:11,1
DA:12,1
DA:13,1
DA:14,1
DA:15,1
DA:16,1
DA:17,1
DA:18,1
DA:19,1
DA:20,1
DA:21,1
DA:22,1
DA:23,1
DA:24,1
DA:25,1
DA:26,1
DA:27,1
DA:28,1
DA:29,1
DA:30,1
DA:31,1
DA:32,1
DA:33,1
DA:34,1
DA:35,1
DA:36,1
DA:37,0
DA:38,0
DA:39,1
DA:40,1
DA:41,9
DA:42,9
DA:43,9
DA:44,9
DA:45,9
DA:46,9
DA:47,1
DA:48,1
DA:49,1
DA:50,3
DA:51,3
DA:52,1
DA:53,1
DA:54,9
DA:55,7
DA:56,7
DA:57,7
DA:58,0
DA:59,0
DA:60,7
DA:61,7
DA:62,7
DA:63,5
DA:64,5
DA:65,5
DA:66,5
DA:67,5
DA:68,5
DA:69,5
DA:70,5
DA:71,5
DA:72,5
DA:73,5
DA:74,5
DA:75,5
DA:76,5
DA:77,5
DA:78,5
DA:79,5
DA:80,5
DA:81,2
DA:82,2
DA:83,2
DA:84,2
DA:85,2
DA:86,2
DA:87,2
DA:88,2
DA:89,2
DA:90,2
DA:91,8
DA:92,1
DA:93,1
DA:94,1
DA:95,1
DA:96,1
DA:97,1
DA:98,0
DA:99,0
DA:100,0
DA:101,9
DA:102,1
DA:103,1
DA:104,1
DA:105,1
DA:106,1
DA:107,1
DA:108,6
DA:109,6
DA:110,6
DA:111,6
DA:112,6
DA:113,6
DA:114,6
DA:115,6
DA:116,6
DA:117,6
DA:118,6
DA:119,6
DA:120,6
DA:121,6
DA:122,6
DA:123,6
DA:124,6
DA:125,1
DA:126,1
DA:127,1
DA:128,1
DA:129,1
DA:130,1
DA:131,1
DA:132,1
DA:133,1
DA:134,1
DA:135,6
DA:136,6
DA:137,6
DA:138,4
DA:139,4
DA:140,4
DA:141,4
DA:142,4
DA:143,4
DA:144,4
DA:145,4
DA:146,4
DA:147,6
DA:148,6
DA:149,6
DA:150,7
DA:151,0
DA:152,0
DA:153,7
DA:154,7
DA:155,7
DA:156,7
DA:157,7
DA:158,1
DA:159,1
DA:160,1
DA:161,1
DA:162,1
DA:163,1
DA:164,1
DA:165,1
DA:166,1
DA:167,1
DA:168,1
DA:169,1
DA:170,1
DA:171,7
DA:172,6
DA:173,5
DA:174,0
DA:175,0
DA:176,5
DA:177,5
DA:178,5
DA:179,5
DA:180,5
DA:181,5
DA:182,6
DA:183,6
DA:184,6
DA:185,1
DA:186,1
DA:187,1
LF:187
LH:176
BRDA:24,0,0,1
BRDA:40,1,0,9
BRDA:46,2,0,1
BRDA:49,3,0,3
BRDA:54,4,0,8
BRDA:54,5,0,7
BRDA:57,6,0,0
BRDA:62,7,0,5
BRDA:81,8,0,2
BRDA:91,9,0,1
BRDA:98,10,0,0
BRDA:64,11,0,5
BRDA:95,12,0,1
BRDA:103,13,0,1
BRDA:107,14,0,6
BRDA:113,15,0,4
BRDA:120,16,0,1
BRDA:124,17,0,1
BRDA:137,18,0,4
BRDA:149,19,0,7
BRDA:150,20,0,0
BRDA:157,21,0,1
BRDA:160,22,0,0
BRDA:171,23,0,6
BRDA:172,24,0,5
BRDA:173,25,0,0
BRDA:161,26,0,1
BRF:27
BRH:22
end_of_record
